<?xml version="1.0" encoding="UTF-8"?>
<!-- Generated by org.testng.reporters.JUnitReportReporter -->
<testsuite hostname="IN-PG02NM6E" failures="0" tests="1" name="RestAPI.Rest.AddBookingTest" time="2.739" errors="0" timestamp="2023-08-17T14:54:57 IST" skipped="0">
  <testcase classname="RestAPI.Rest.AddBookingTest" name="deleteBookingTest" time="2.739"/>
  <system-out/>
</testsuite> <!-- RestAPI.Rest.AddBookingTest -->
