<?xml version="1.0" encoding="UTF-8"?>
<!-- Generated by org.testng.reporters.JUnitReportReporter -->
<testsuite hostname="IN-PG02NM6E" failures="0" tests="1" name="RestAPI.Rest.Getn" time="2.480" errors="0" timestamp="2023-09-21T12:54:47 IST" skipped="0">
  <testcase classname="RestAPI.Rest.Getn" name="testTemperatureRange" time="2.480"/>
  <system-out/>
</testsuite> <!-- RestAPI.Rest.Getn -->
