<?xml version="1.0" encoding="UTF-8"?>
<!-- Generated by org.testng.reporters.JUnitReportReporter -->
<testsuite hostname="IN-PG02NM6E" failures="0" tests="1" name="RestAPI.Rest.Partialup" time="2.881" errors="0" timestamp="2023-08-17T14:49:05 IST" skipped="0">
  <testcase classname="RestAPI.Rest.Partialup" name="partialUpdateBookingTest" time="2.881"/>
  <system-out/>
</testsuite> <!-- RestAPI.Rest.Partialup -->
