<?xml version="1.0" encoding="UTF-8"?>
<!-- Generated by org.testng.reporters.JUnitReportReporter -->
<testsuite hostname="IN-PG02NM6E" failures="0" tests="1" name="RestAPI.Rest.GetBooking" time="4.577" errors="0" timestamp="2023-08-22T12:39:50 IST" skipped="0">
  <testcase classname="RestAPI.Rest.GetBooking" name="getBookingDetailsTest" time="4.577"/>
  <system-out/>
</testsuite> <!-- RestAPI.Rest.GetBooking -->
