<?xml version="1.0" encoding="UTF-8"?>
<!-- Generated by org.testng.reporters.JUnitReportReporter -->
<testsuite hostname="IN-PG02NM6E" failures="0" tests="2" name="RestAPI.Rest.Example" time="5.602" errors="0" timestamp="2023-09-20T15:42:31 IST" skipped="0">
  <testcase classname="RestAPI.Rest.Example" name="r" time="1.864"/>
  <system-out/>
  <testcase classname="RestAPI.Rest.Example" name="R" time="3.738"/>
  <system-out/>
</testsuite> <!-- RestAPI.Rest.Example -->
