<?xml version="1.0" encoding="UTF-8"?>
<!-- Generated by org.testng.reporters.JUnitReportReporter -->
<testsuite hostname="IN-PG02NM6E" failures="0" tests="1" name="RestAPI.Rest.AddBookingTest1" time="3.423" errors="0" timestamp="2023-08-23T09:39:56 IST" skipped="0">
  <testcase classname="RestAPI.Rest.AddBookingTest1" name="addBookingTest" time="3.423"/>
  <system-out/>
</testsuite> <!-- RestAPI.Rest.AddBookingTest1 -->
