<?xml version="1.0" encoding="UTF-8"?>
<!-- Generated by org.testng.reporters.JUnitReportReporter -->
<testsuite hostname="IN-PG02NM6E" failures="0" tests="1" name="RestAPI.Rest.UpdateBookingTestScenario" time="6.888" errors="0" timestamp="2023-08-23T17:04:33 IST" skipped="0">
  <testcase classname="RestAPI.Rest.UpdateBookingTestScenario" name="updateBookingTest" time="6.888"/>
  <system-out/>
</testsuite> <!-- RestAPI.Rest.UpdateBookingTestScenario -->
