<?xml version="1.0" encoding="UTF-8"?>
<!-- Generated by org.testng.reporters.JUnitReportReporter -->
<testsuite hostname="IN-PG02NM6E" failures="0" tests="1" name="RestAPI.Rest.UpdateBookingTest" time="3.258" errors="0" timestamp="2023-08-18T15:51:47 IST" skipped="0">
  <testcase classname="RestAPI.Rest.UpdateBookingTest" name="updateBookingTest" time="3.258"/>
  <system-out/>
</testsuite> <!-- RestAPI.Rest.UpdateBookingTest -->
