<?xml version="1.0" encoding="UTF-8"?>
<!-- Generated by org.testng.reporters.JUnitReportReporter -->
<testsuite hostname="IN-PG02NM6E" failures="0" tests="1" name="RestAPI.Rest.BookingTest1" time="10.980" errors="0" timestamp="2023-08-18T09:19:20 IST" skipped="0">
  <testcase classname="RestAPI.Rest.BookingTest1" name="addBookingTest" time="10.980"/>
  <system-out/>
</testsuite> <!-- RestAPI.Rest.BookingTest1 -->
