<?xml version="1.0" encoding="UTF-8"?>
<!-- Generated by org.testng.reporters.JUnitReportReporter -->
<testsuite hostname="IN-PG02NM6E" failures="0" tests="1" name="RestAPI.Rest.PartialTest" time="4.246" errors="0" timestamp="2023-08-24T09:46:02 IST" skipped="0">
  <testcase classname="RestAPI.Rest.PartialTest" name="PartialupdateBookingTest" time="4.246"/>
  <system-out/>
</testsuite> <!-- RestAPI.Rest.PartialTest -->
