<?xml version="1.0" encoding="UTF-8"?>
<!-- Generated by org.testng.reporters.JUnitReportReporter -->
<testsuite hostname="IN-PG02NM6E" failures="0" tests="1" name="RestAPI.Rest.Deletebooking" time="2.661" errors="0" timestamp="2023-08-17T15:04:15 IST" skipped="0">
  <testcase classname="RestAPI.Rest.Deletebooking" name="deleteBookingTest" time="2.661"/>
  <system-out/>
</testsuite> <!-- RestAPI.Rest.Deletebooking -->
